<?xml version="1.0" encoding="UTF-8"?>
<!-- Generated by org.testng.reporters.JUnitReportReporter -->
<testsuite skipped="0" hostname="Amar" name="sdetapril.Tc__001" tests="1" failures="0" timestamp="2021-04-23T11:08:14 IST" time="17.376" errors="0">
  <testcase name="getTitle" time="17.376" classname="sdetapril.Tc__001"/>
  <system-out/>
</testsuite> <!-- sdetapril.Tc__001 -->
